 2022-03-29 12:20:30,089 -- DEBUG -->  hello
 2022-03-29 12:20:30,089 -- INFO -->  hello
 2022-03-29 12:20:30,089 -- WARNING -->  hello
 2022-03-29 12:20:30,089 -- ERROR -->  hello
 2022-03-29 12:20:30,089 -- CRITICAL -->  hello
 2022-03-29 12:20:30,089 -- INFO -->  第1次
 2022-03-29 12:20:30,089 -- INFO -->  第2次
 2022-03-29 12:20:30,089 -- INFO -->  第3次
 2022-03-29 12:20:30,089 -- INFO -->  第4次
 2022-03-29 12:20:30,089 -- INFO -->  第5次
 2022-03-29 12:20:30,089 -- INFO -->  第6次
 2022-03-29 12:20:30,089 -- INFO -->  第7次
 2022-03-29 12:20:30,090 -- INFO -->  第8次
 2022-03-29 12:20:30,090 -- INFO -->  第9次
 2022-03-29 12:20:30,090 -- INFO -->  第10次
 2022-03-29 12:20:31,232 -- DEBUG -->  hello
 2022-03-29 12:20:31,232 -- INFO -->  hello
 2022-03-29 12:20:31,233 -- WARNING -->  hello
 2022-03-29 12:20:31,233 -- ERROR -->  hello
 2022-03-29 12:20:31,233 -- CRITICAL -->  hello
 2022-03-29 12:20:31,233 -- INFO -->  第1次
 2022-03-29 12:20:31,233 -- INFO -->  第2次
 2022-03-29 12:20:31,233 -- INFO -->  第3次
 2022-03-29 12:20:31,233 -- INFO -->  第4次
 2022-03-29 12:20:31,233 -- INFO -->  第5次
 2022-03-29 12:20:31,233 -- INFO -->  第6次
 2022-03-29 12:20:31,233 -- INFO -->  第7次
 2022-03-29 12:20:31,233 -- INFO -->  第8次
 2022-03-29 12:20:31,233 -- INFO -->  第9次
 2022-03-29 12:20:31,233 -- INFO -->  第10次
 2022-03-29 12:20:36,964 -- DEBUG -->  hello
 2022-03-29 12:20:36,964 -- INFO -->  hello
 2022-03-29 12:20:36,964 -- WARNING -->  hello
 2022-03-29 12:20:36,964 -- ERROR -->  hello
 2022-03-29 12:20:36,964 -- CRITICAL -->  hello
 2022-03-29 12:20:36,964 -- INFO -->  第1次
 2022-03-29 12:20:36,964 -- INFO -->  第2次
 2022-03-29 12:20:36,964 -- INFO -->  第3次
 2022-03-29 12:20:36,964 -- INFO -->  第4次
 2022-03-29 12:20:36,964 -- INFO -->  第5次
 2022-03-29 12:20:36,964 -- INFO -->  第6次
 2022-03-29 12:20:36,964 -- INFO -->  第7次
 2022-03-29 12:20:36,964 -- INFO -->  第8次
 2022-03-29 12:20:36,964 -- INFO -->  第9次
 2022-03-29 12:20:36,964 -- INFO -->  第10次
 2022-03-29 12:20:38,711 -- DEBUG -->  hello
 2022-03-29 12:20:38,711 -- INFO -->  hello
 2022-03-29 12:20:38,711 -- WARNING -->  hello
 2022-03-29 12:20:38,711 -- ERROR -->  hello
 2022-03-29 12:20:38,711 -- CRITICAL -->  hello
 2022-03-29 12:20:38,711 -- INFO -->  第1次
 2022-03-29 12:20:38,711 -- INFO -->  第2次
 2022-03-29 12:20:38,711 -- INFO -->  第3次
 2022-03-29 12:20:38,711 -- INFO -->  第4次
 2022-03-29 12:20:38,711 -- INFO -->  第5次
 2022-03-29 12:20:38,711 -- INFO -->  第6次
 2022-03-29 12:20:38,711 -- INFO -->  第7次
 2022-03-29 12:20:38,712 -- INFO -->  第8次
 2022-03-29 12:20:38,712 -- INFO -->  第9次
 2022-03-29 12:20:38,712 -- INFO -->  第10次
 2022-03-29 12:20:39,827 -- DEBUG -->  hello
 2022-03-29 12:20:39,827 -- INFO -->  hello
 2022-03-29 12:20:39,827 -- WARNING -->  hello
 2022-03-29 12:20:39,827 -- ERROR -->  hello
 2022-03-29 12:20:39,827 -- CRITICAL -->  hello
 2022-03-29 12:20:39,827 -- INFO -->  第1次
 2022-03-29 12:20:39,827 -- INFO -->  第2次
 2022-03-29 12:20:39,827 -- INFO -->  第3次
 2022-03-29 12:20:39,828 -- INFO -->  第4次
 2022-03-29 12:20:39,828 -- INFO -->  第5次
 2022-03-29 12:20:39,828 -- INFO -->  第6次
 2022-03-29 12:20:39,828 -- INFO -->  第7次
 2022-03-29 12:20:39,828 -- INFO -->  第8次
 2022-03-29 12:20:39,828 -- INFO -->  第9次
 2022-03-29 12:20:39,828 -- INFO -->  第10次
 2022-03-29 12:20:41,061 -- DEBUG -->  hello
 2022-03-29 12:20:41,061 -- INFO -->  hello
 2022-03-29 12:20:41,061 -- WARNING -->  hello
 2022-03-29 12:20:41,061 -- ERROR -->  hello
 2022-03-29 12:20:41,061 -- CRITICAL -->  hello
 2022-03-29 12:20:41,062 -- INFO -->  第1次
 2022-03-29 12:20:41,062 -- INFO -->  第2次
 2022-03-29 12:20:41,062 -- INFO -->  第3次
 2022-03-29 12:20:41,062 -- INFO -->  第4次
 2022-03-29 12:20:41,062 -- INFO -->  第5次
 2022-03-29 12:20:41,062 -- INFO -->  第6次
 2022-03-29 12:20:41,062 -- INFO -->  第7次
 2022-03-29 12:20:41,062 -- INFO -->  第8次
 2022-03-29 12:20:41,062 -- INFO -->  第9次
 2022-03-29 12:20:41,062 -- INFO -->  第10次
 2022-03-29 12:20:41,878 -- DEBUG -->  hello
 2022-03-29 12:20:41,878 -- INFO -->  hello
 2022-03-29 12:20:41,878 -- WARNING -->  hello
 2022-03-29 12:20:41,878 -- ERROR -->  hello
 2022-03-29 12:20:41,878 -- CRITICAL -->  hello
 2022-03-29 12:20:41,878 -- INFO -->  第1次
 2022-03-29 12:20:41,878 -- INFO -->  第2次
 2022-03-29 12:20:41,878 -- INFO -->  第3次
 2022-03-29 12:20:41,879 -- INFO -->  第4次
 2022-03-29 12:20:41,879 -- INFO -->  第5次
 2022-03-29 12:20:41,879 -- INFO -->  第6次
 2022-03-29 12:20:41,879 -- INFO -->  第7次
 2022-03-29 12:20:41,879 -- INFO -->  第8次
 2022-03-29 12:20:41,879 -- INFO -->  第9次
 2022-03-29 12:20:41,879 -- INFO -->  第10次
 2022-03-29 12:21:11,941 -- DEBUG -->  hello
 2022-03-29 12:21:11,941 -- INFO -->  hello
 2022-03-29 12:21:11,941 -- WARNING -->  hello
 2022-03-29 12:21:11,941 -- ERROR -->  hello
 2022-03-29 12:21:11,941 -- CRITICAL -->  hello
 2022-03-29 12:21:11,941 -- INFO -->  第1次
 2022-03-29 12:21:11,941 -- INFO -->  第2次
 2022-03-29 12:21:11,941 -- INFO -->  第3次
 2022-03-29 12:21:11,941 -- INFO -->  第4次
 2022-03-29 12:21:11,941 -- INFO -->  第5次
 2022-03-29 12:21:11,941 -- INFO -->  第6次
 2022-03-29 12:21:11,941 -- INFO -->  第7次
 2022-03-29 12:21:11,941 -- INFO -->  第8次
 2022-03-29 12:21:11,941 -- INFO -->  第9次
 2022-03-29 12:21:11,941 -- INFO -->  第10次
 2022-03-29 12:23:23,701 -- DEBUG -->  hello
 2022-03-29 12:23:23,701 -- INFO -->  hello
 2022-03-29 12:23:23,701 -- WARNING -->  hello
 2022-03-29 12:23:23,701 -- ERROR -->  hello
 2022-03-29 12:23:23,701 -- CRITICAL -->  hello
 2022-03-29 12:23:23,701 -- INFO -->  第1次
 2022-03-29 12:23:23,701 -- INFO -->  第1次
 2022-03-29 12:23:23,701 -- INFO -->  第2次
 2022-03-29 12:23:23,702 -- INFO -->  第2次
 2022-03-29 12:23:23,702 -- INFO -->  第3次
 2022-03-29 12:23:23,702 -- INFO -->  第3次
 2022-03-29 12:23:23,702 -- INFO -->  第4次
 2022-03-29 12:23:23,702 -- INFO -->  第4次
 2022-03-29 12:23:23,702 -- INFO -->  第5次
 2022-03-29 12:23:23,702 -- INFO -->  第5次
 2022-03-29 12:23:23,702 -- INFO -->  第6次
 2022-03-29 12:23:23,702 -- INFO -->  第6次
 2022-03-29 12:23:23,702 -- INFO -->  第7次
 2022-03-29 12:23:23,702 -- INFO -->  第7次
 2022-03-29 12:23:23,702 -- INFO -->  第8次
 2022-03-29 12:23:23,702 -- INFO -->  第8次
 2022-03-29 12:23:23,702 -- INFO -->  第9次
 2022-03-29 12:23:23,702 -- INFO -->  第9次
 2022-03-29 12:23:23,702 -- INFO -->  第10次
 2022-03-29 12:23:23,702 -- INFO -->  第10次
 2022-03-29 12:23:25,931 -- DEBUG -->  hello
 2022-03-29 12:23:25,932 -- INFO -->  hello
 2022-03-29 12:23:25,932 -- WARNING -->  hello
 2022-03-29 12:23:25,932 -- ERROR -->  hello
 2022-03-29 12:23:25,932 -- CRITICAL -->  hello
 2022-03-29 12:23:25,932 -- INFO -->  第1次
 2022-03-29 12:23:25,932 -- INFO -->  第1次
 2022-03-29 12:23:25,932 -- INFO -->  第2次
 2022-03-29 12:23:25,932 -- INFO -->  第2次
 2022-03-29 12:23:25,932 -- INFO -->  第3次
 2022-03-29 12:23:25,932 -- INFO -->  第3次
 2022-03-29 12:23:25,932 -- INFO -->  第4次
 2022-03-29 12:23:25,932 -- INFO -->  第4次
 2022-03-29 12:23:25,932 -- INFO -->  第5次
 2022-03-29 12:23:25,932 -- INFO -->  第5次
 2022-03-29 12:23:25,932 -- INFO -->  第6次
 2022-03-29 12:23:25,932 -- INFO -->  第6次
 2022-03-29 12:23:25,932 -- INFO -->  第7次
 2022-03-29 12:23:25,932 -- INFO -->  第7次
 2022-03-29 12:23:25,933 -- INFO -->  第8次
 2022-03-29 12:23:25,933 -- INFO -->  第8次
 2022-03-29 12:23:25,933 -- INFO -->  第9次
 2022-03-29 12:23:25,933 -- INFO -->  第9次
 2022-03-29 12:23:25,933 -- INFO -->  第10次
 2022-03-29 12:23:25,933 -- INFO -->  第10次
 2022-03-29 12:24:09,116 -- INFO -->  第1次
 2022-03-29 12:24:09,117 -- INFO -->  第2次
 2022-03-29 12:24:09,117 -- INFO -->  第3次
 2022-03-29 12:24:09,117 -- INFO -->  第4次
 2022-03-29 12:24:09,117 -- INFO -->  第5次
 2022-03-29 12:24:09,117 -- INFO -->  第6次
 2022-03-29 12:24:09,117 -- INFO -->  第7次
 2022-03-29 12:24:09,117 -- INFO -->  第8次
 2022-03-29 12:24:09,117 -- INFO -->  第9次
 2022-03-29 12:24:09,117 -- INFO -->  第10次
